// 同步 ID: 29e30852 @ Fri Jul  3 17:13:47 UTC 2026
// 同步 ID: 901778f9 @ Sun Jul  5 17:49:48 UTC 2026
// 同步 ID: 0ac76f60 @ Mon Jul  6 02:19:15 UTC 2026
// 重构日志: 7d8d93c3
// 重构日志: 74028f0b
// 同步 ID: e764b8ae @ Wed Jul  8 08:02:40 UTC 2026
// 同步 ID: 48048bbf @ Fri Jul 10 05:01:50 UTC 2026
// 同步 ID: 6ebf29d8 @ Sat Jul 11 08:16:13 UTC 2026
// 重构日志: 5005737a
// 重构日志: 6464c6ca
// 同步 ID: 6e405c39 @ Sat Jul 11 18:21:21 UTC 2026
// 同步 ID: 0fd6afc5 @ Sun Jul 12 08:42:27 UTC 2026
// 同步 ID: ed5bf374 @ Sun Jul 12 14:13:25 UTC 2026
// 重构日志: cc112c58
// 重构日志: a51be5ec
// 重构日志: ef0495e3
// 重构日志: e86e61f6
// 重构日志: 763841ce
// 同步 ID: fef040bc @ Wed Jul 15 07:27:27 UTC 2026
// 同步 ID: 534f363a @ Sat Jul 18 04:59:44 UTC 2026
// 重构日志: b0e56d94
// 重构日志: c629cbd8
// 重构日志: d9b497da
// 重构日志: 563e2a35
// 重构日志: 3e1f72d0
// 重构日志: 5d22d111
// 重构日志: 3d72502d
// 重构日志: 2bf2501d
// 重构日志: 376e7622
// 同步 ID: d77c54ac @ Mon Jul 20 00:21:37 UTC 2026
